<?xml version="1.0" encoding="UTF-8"?>
<testng-results skipped="0" failed="0" ignored="0" total="1" passed="1">
  <reporter-output>
  </reporter-output>
  <suite name="Default suite" duration-ms="2212" started-at="2021-05-06T17:07:40 EDT" finished-at="2021-05-06T17:07:42 EDT">
    <groups>
    </groups>
    <test name="Default test" duration-ms="2212" started-at="2021-05-06T17:07:40 EDT" finished-at="2021-05-06T17:07:42 EDT">
      <class name="tests.MyTest">
        <test-method status="PASS" signature="setup()[pri:0, instance:tests.MyTest@1a3869f4]" name="setup" is-config="true" duration-ms="4066" started-at="2021-05-06T17:07:36 EDT" finished-at="2021-05-06T17:07:40 EDT">
          <reporter-output>
          </reporter-output>
        </test-method> <!-- setup -->
        <test-method status="PASS" signature="testPageObject()[pri:0, instance:tests.MyTest@1a3869f4]" name="testPageObject" duration-ms="2171" started-at="2021-05-06T17:07:40 EDT" finished-at="2021-05-06T17:07:42 EDT">
          <reporter-output>
          </reporter-output>
        </test-method> <!-- testPageObject -->
        <test-method status="PASS" signature="tearDown()[pri:0, instance:tests.MyTest@1a3869f4]" name="tearDown" is-config="true" duration-ms="3680" started-at="2021-05-06T17:07:42 EDT" finished-at="2021-05-06T17:07:46 EDT">
          <reporter-output>
          </reporter-output>
        </test-method> <!-- tearDown -->
      </class> <!-- tests.MyTest -->
    </test> <!-- Default test -->
  </suite> <!-- Default suite -->
</testng-results>
